<?xml version="1.0" encoding="UTF-8"?>
<!-- Generated by org.testng.reporters.JUnitReportReporter -->
<testsuite hostname="DESKTOP-SNIDNH1" failures="0" tests="3" name="testNG.SearchDataProvider" time="8.877" errors="0" timestamp="20 Jun 2021 01:10:03 GMT" skipped="0">
  <testcase classname="testNG.SearchDataProvider" name="multiSearch" time="3.731"/>
  <testcase classname="testNG.SearchDataProvider" name="multiSearch" time="2.595"/>
  <testcase classname="testNG.SearchDataProvider" name="multiSearch" time="2.551"/>
</testsuite> <!-- testNG.SearchDataProvider -->
