<?xml version="1.0" encoding="UTF-8"?>
<!-- Generated by org.testng.reporters.JUnitReportReporter -->
<testsuite hostname="DESKTOP-SNIDNH1" failures="0" tests="1" name="testNG.LoginPageTest" time="4.263" errors="0" timestamp="20 Jun 2021 00:03:27 GMT" skipped="0">
  <testcase classname="testNG.LoginPageTest" name="accountPageTitleTest" time="4.263"/>
</testsuite> <!-- testNG.LoginPageTest -->
