<?xml version="1.0" encoding="UTF-8"?>
<!-- Generated by org.testng.reporters.JUnitReportReporter -->
<testsuite hostname="DESKTOP-SNIDNH1" failures="0" tests="3" name="testNG.RegistrationTest" time="13.166" errors="0" timestamp="20 Jun 2021 01:48:01 GMT" skipped="0">
  <testcase classname="testNG.RegistrationTest" name="registration" time="5.184"/>
  <testcase classname="testNG.RegistrationTest" name="registration" time="4.014"/>
  <testcase classname="testNG.RegistrationTest" name="registration" time="3.968"/>
</testsuite> <!-- testNG.RegistrationTest -->
