<?xml version="1.0" encoding="UTF-8"?>
<!-- Generated by org.testng.reporters.JUnitReportReporter -->
<testsuite hostname="DESKTOP-SNIDNH1" failures="0" tests="3" name="testNG.LoginPageNegativetest" time="12.956" errors="0" timestamp="20 Jun 2021 00:28:13 GMT" skipped="0">
  <testcase classname="testNG.LoginPageNegativetest" name="doLogin" time="5.677"/>
  <testcase classname="testNG.LoginPageNegativetest" name="doLogin" time="3.573"/>
  <testcase classname="testNG.LoginPageNegativetest" name="doLogin" time="3.706"/>
</testsuite> <!-- testNG.LoginPageNegativetest -->
